<?xml version="1.0" encoding="UTF-8"?>
<!-- Generated by org.testng.reporters.JUnitReportReporter -->
<testsuite hostname="MSI" failures="0" tests="1" name="com.DS.TestLayer.LogOutFunctionality" time="11.277" errors="0" timestamp="2023-02-03T02:09:13 IST" skipped="0">
  <testcase classname="com.DS.TestLayer.LogOutFunctionality" name="verifyLogoutFunctionality" time="11.277"/>
  <system-out/>
</testsuite> <!-- com.DS.TestLayer.LogOutFunctionality -->
