<?xml version="1.0" encoding="UTF-8"?>
<!-- Generated by org.testng.reporters.JUnitReportReporter -->
<testsuite hostname="MSI" failures="0" tests="1" name="com.DS.TestLayer.TransectionTest" time="14.999" errors="0" timestamp="2023-02-02T13:24:17 IST" skipped="0">
  <testcase classname="com.DS.TestLayer.TransectionTest" name="getDatafromTransectionPage" time="14.999"/>
  <system-out/>
</testsuite> <!-- com.DS.TestLayer.TransectionTest -->
