<?xml version="1.0" encoding="UTF-8"?>
<!-- Generated by org.testng.reporters.JUnitReportReporter -->
<testsuite hostname="MSI" failures="0" tests="1" name="com.DS.TestLayer.BuyProduct_Functionality" time="18.411" errors="0" timestamp="2023-02-03T02:15:43 IST" skipped="0">
  <testcase classname="com.DS.TestLayer.BuyProduct_Functionality" name="VerifyBuyFunctionalityLongtermWithCustomeLimit" time="18.411"/>
  <system-out/>
</testsuite> <!-- com.DS.TestLayer.BuyProduct_Functionality -->
