<?xml version="1.0" encoding="UTF-8"?>
<!-- Generated by org.testng.reporters.JUnitReportReporter -->
<testsuite hostname="MSI" failures="0" tests="1" name="com.DS.TestBase.TestBaseClass" time="7.710" errors="0" timestamp="2023-01-27T21:53:18 IST" skipped="0">
  <testcase classname="com.DS.TestBase.TestBaseClass" name="Setup" time="7.710"/>
  <system-out/>
</testsuite> <!-- com.DS.TestBase.TestBaseClass -->
